[ 2016-11-10T20:48:31+08:00 ] ::1 /shop/index.php/Admin/Index/mdf_good
ERR: 非法操作:mdf_good

[ 2016-11-10T21:05:25+08:00 ] ::1 /shop/index.php/Admin/Index/show_good
ERR: syntax error, unexpected ';', expecting ')'

[ 2016-11-10T21:16:36+08:00 ] ::1 /shop/index.php/Admin/Index/show_good_desc/1
ERR: 1146:Table 'shop.shop_good_desc' doesn't exist
 [ SQL语句 ] : SHOW COLUMNS FROM `shop_good_desc`

[ 2016-11-10T21:16:48+08:00 ] ::1 /shop/index.php/Admin/Index/show_good_desc/1
ERR: 1146:Table 'shop.shop_good_desc' doesn't exist
 [ SQL语句 ] : SHOW COLUMNS FROM `shop_good_desc`

[ 2016-11-10T21:16:50+08:00 ] ::1 /shop/index.php/Admin/Index/show_good_desc/1
ERR: 1146:Table 'shop.shop_good_desc' doesn't exist
 [ SQL语句 ] : SHOW COLUMNS FROM `shop_good_desc`

[ 2016-11-10T21:16:52+08:00 ] ::1 /shop/index.php/Admin/Index/show_good_desc/1
ERR: 1146:Table 'shop.shop_good_desc' doesn't exist
 [ SQL语句 ] : SHOW COLUMNS FROM `shop_good_desc`

[ 2016-11-10T21:33:42+08:00 ] ::1 /shop/index.php/Admin/Index/add_good
ERR: syntax error, unexpected '$this' (T_VARIABLE)

[ 2016-11-10T21:33:54+08:00 ] ::1 /shop/index.php/Admin/Index/add_good
ERR: syntax error, unexpected '$this' (T_VARIABLE)

[ 2016-11-10T21:33:56+08:00 ] ::1 /shop/index.php/Admin/Index/add_good
ERR: syntax error, unexpected '$this' (T_VARIABLE)

[ 2016-11-10T21:34:04+08:00 ] ::1 /shop/index.php/Admin/Index/add_good
ERR: 1366:Incorrect decimal value: '' for column 'price' at row 1
 [ SQL语句 ] : INSERT INTO `shop_good` (`id`,`name`,`price`,`status`,`time`) VALUES (NULL,'','','1','1478784844')

[ 2016-11-10T21:34:09+08:00 ] ::1 /shop/index.php/Admin/Index/add_good
ERR: 1366:Incorrect decimal value: '' for column 'price' at row 1
 [ SQL语句 ] : INSERT INTO `shop_good` (`id`,`name`,`price`,`status`,`time`) VALUES (NULL,'','','1','1478784849')

[ 2016-11-10T23:09:14+08:00 ] ::1 /shop/index.php/Admin/Index/add_good_ok
ERR: 1048:Column 'good_id' cannot be null
 [ SQL语句 ] : INSERT INTO `shop_desc` (`good_id`,`height`,`width`,`feature`) VALUES (NULL,'1','1','1')

