[ 2016-10-25T10:01:14+08:00 ] ::1 /shop/index.php/Admin/Index/change_page
ERR: 非法操作:change_page

[ 2016-10-25T10:01:18+08:00 ] ::1 /shop/index.php/Admin/Index/change_page
ERR: 非法操作:change_page

[ 2016-10-25T10:01:19+08:00 ] ::1 /shop/index.php/Admin/Index/change_page
ERR: 非法操作:change_page

[ 2016-10-25T10:04:31+08:00 ] ::1 /shop/index.php/Admin/Index/change_pass
ERR: syntax error, unexpected '<', expecting variable (T_VARIABLE) or '{' or '$'

[ 2016-10-25T10:04:44+08:00 ] ::1 /shop/index.php/Admin/Index/change_pass
ERR: XML标签语法错误 : name=$page

[ 2016-10-25T10:05:09+08:00 ] ::1 /shop/index.php/Admin/Index/change_pass
ERR: XML标签语法错误 : name={$page}

[ 2016-10-25T10:05:12+08:00 ] ::1 /shop/index.php/Admin/Index/change_pass
ERR: XML标签语法错误 : name={$page}

[ 2016-10-25T10:06:23+08:00 ] ::1 /shop/index.php/Admin/Index/change_pass
ERR: XML标签语法错误 : name={$page}

[ 2016-10-25T10:07:18+08:00 ] ::1 /shop/index.php/Admin/Index/change_pass
ERR: syntax error, unexpected '<', expecting variable (T_VARIABLE) or '{' or '$'

[ 2016-10-25T10:07:29+08:00 ] ::1 /shop/index.php/Admin/Index/change_pass
ERR: syntax error, unexpected '<', expecting variable (T_VARIABLE) or '{' or '$'

[ 2016-10-25T10:07:41+08:00 ] ::1 /shop/index.php/Admin/Index/change_pass
ERR: syntax error, unexpected '<', expecting variable (T_VARIABLE) or '{' or '$'

[ 2016-10-25T10:07:54+08:00 ] ::1 /shop/index.php/Admin/Index/change_pass
ERR: XML标签语法错误 : name={$page}

[ 2016-10-25T10:09:06+08:00 ] ::1 /shop/index.php/Admin/Index/change_pass
ERR: XML标签语法错误 : name=$page

[ 2016-10-25T10:12:27+08:00 ] ::1 /shop/index.php/Admin/Index/change_pass
ERR: syntax error, unexpected 'break' (T_BREAK)

[ 2016-10-25T10:24:09+08:00 ] ::1 /shop/index.php/Admin/Index/show_store
ERR: Think\Controller:assgin方法不存在！

