[ 2016-10-28T10:40:34+08:00 ] ::1 /shop/index.php/Admin/Index/chang_pass_ok
ERR: 非法操作:chang_pass_ok

[ 2016-10-28T10:41:15+08:00 ] ::1 /shop/index.php/Admin/Index/chang_pass_ok
ERR: 非法操作:chang_pass_ok

[ 2016-10-28T10:42:00+08:00 ] ::1 /shop/index.php/Admin/Index/chang_pass_ok
ERR: 非法操作:chang_pass_ok

[ 2016-10-28T10:42:41+08:00 ] ::1 /shop/index.php/Admin/Index/chang_pass_ok
ERR: 非法操作:chang_pass_ok

[ 2016-10-28T11:01:45+08:00 ] ::1 /shop/index.php/Admin/Index/login.html
ERR: 非法操作:login

[ 2016-10-28T20:59:38+08:00 ] ::1 /shop/index.php/Admin/Index/show_store
ERR: syntax error, unexpected ')', expecting variable (T_VARIABLE) or '{' or '$'

[ 2016-10-28T21:02:30+08:00 ] ::1 /shop/index.php/Admin/Index/show_store
ERR: syntax error, unexpected ')', expecting variable (T_VARIABLE) or '{' or '$'

[ 2016-10-28T21:02:37+08:00 ] ::1 /shop/index.php/Admin/Index/
ERR: syntax error, unexpected ')', expecting variable (T_VARIABLE) or '{' or '$'

[ 2016-10-28T21:02:41+08:00 ] ::1 /shop/index.php/Admin/
ERR: syntax error, unexpected ')', expecting variable (T_VARIABLE) or '{' or '$'

[ 2016-10-28T21:02:43+08:00 ] ::1 /shop/index.php/Admin/Index/
ERR: syntax error, unexpected ')', expecting variable (T_VARIABLE) or '{' or '$'

[ 2016-10-28T21:02:44+08:00 ] ::1 /shop/index.php/Admin/Index/show_store
ERR: syntax error, unexpected ')', expecting variable (T_VARIABLE) or '{' or '$'

[ 2016-10-28T21:03:10+08:00 ] ::1 /shop/index.php/Admin/Index/index.html
ERR: syntax error, unexpected ')', expecting variable (T_VARIABLE) or '{' or '$'

[ 2016-10-28T21:05:05+08:00 ] ::1 /shop/index.php/Admin/Index/index.html
ERR: syntax error, unexpected ')', expecting variable (T_VARIABLE) or '{' or '$'

[ 2016-10-28T21:07:25+08:00 ] ::1 /shop/index.php/Admin/Index/index.html
ERR: syntax error, unexpected ')', expecting variable (T_VARIABLE) or '{' or '$'

[ 2016-10-28T21:07:28+08:00 ] ::1 /shop/index.php/Admin/Index/index.html
ERR: syntax error, unexpected ')', expecting variable (T_VARIABLE) or '{' or '$'

[ 2016-10-28T21:07:36+08:00 ] ::1 /shop/index.php/Admin/Index/index.html
ERR: syntax error, unexpected ')', expecting variable (T_VARIABLE) or '{' or '$'

[ 2016-10-28T21:08:18+08:00 ] ::1 /shop/index.php/Admin/Index/index.html
ERR: syntax error, unexpected ')', expecting variable (T_VARIABLE) or '{' or '$'

[ 2016-10-28T21:08:21+08:00 ] ::1 /shop/index.php/Admin/Index/index.html
ERR: syntax error, unexpected ')', expecting variable (T_VARIABLE) or '{' or '$'

[ 2016-10-28T21:08:25+08:00 ] ::1 /shop/index.php/Admin/Index/
ERR: syntax error, unexpected ')', expecting variable (T_VARIABLE) or '{' or '$'

[ 2016-10-28T21:08:48+08:00 ] ::1 /shop/index.php/Admin/Index/
ERR: syntax error, unexpected ')', expecting variable (T_VARIABLE) or '{' or '$'

[ 2016-10-28T21:09:44+08:00 ] ::1 /shop/index.php/Admin/Index/
ERR: syntax error, unexpected ')', expecting variable (T_VARIABLE) or '{' or '$'

[ 2016-10-28T21:10:08+08:00 ] ::1 /shop/index.php/Admin/Index/
ERR: syntax error, unexpected ')', expecting variable (T_VARIABLE) or '{' or '$'

[ 2016-10-28T21:10:14+08:00 ] ::1 /shop/index.php/Admin/Index/index.html
ERR: syntax error, unexpected ')', expecting variable (T_VARIABLE) or '{' or '$'

[ 2016-10-28T21:12:58+08:00 ] ::1 /shop/index.php/Admin/Index/add_store
ERR: 1406:Data too long for column 'tel' at row 1
 [ SQL语句 ] : INSERT INTO `shop_store` (`id`,`name`,`address`,`tel`,`time`) VALUES (NULL,'123','123','1323131313131','1477660378')

[ 2016-10-28T21:14:41+08:00 ] ::1 /shop/index.php/Admin/Index/add_store
ERR: Call to undefined function Admin\Controller\str_len()

