[ 2016-12-29T20:18:04+08:00 ] ::1 /oldblog/
INFO: [ app_init ] --START--
INFO: Run Behavior\BuildLiteBehavior [ RunTime:0.000029s ]
INFO: [ app_init ] --END-- [ RunTime:0.000604s ]
INFO: [ app_begin ] --START--
INFO: Run Behavior\ReadHtmlCacheBehavior [ RunTime:0.000276s ]
INFO: [ app_begin ] --END-- [ RunTime:0.000345s ]
ERR: SQLSTATE[HY000] [1045] Access denied for user 'root'@'localhost' (using password: NO)

[ 2016-12-29T20:18:23+08:00 ] ::1 /oldblog/
INFO: [ app_init ] --START--
INFO: Run Behavior\BuildLiteBehavior [ RunTime:0.000015s ]
INFO: [ app_init ] --END-- [ RunTime:0.000240s ]
INFO: [ app_begin ] --START--
INFO: Run Behavior\ReadHtmlCacheBehavior [ RunTime:0.000229s ]
INFO: [ app_begin ] --END-- [ RunTime:0.000284s ]
SQL: SHOW COLUMNS FROM `blog_content` [ RunTime:0.0018s ]
SQL: SELECT * FROM `blog_content` ORDER BY time DESC LIMIT 10   [ RunTime:0.0003s ]
INFO: [ view_parse ] --START--
INFO: [ template_filter ] --START--
INFO: Run Behavior\ContentReplaceBehavior [ RunTime:0.000061s ]
INFO: [ template_filter ] --END-- [ RunTime:0.000124s ]
NOTIC: [8] Undefined variable: item /Users/huangjiancong/Sites/oldblog/blog/Runtime/Cache/Home/8add46d1b8bbf734fafd02ec3280ff7c.php 第 29 行.
NOTIC: [8] Undefined variable: item /Users/huangjiancong/Sites/oldblog/blog/Runtime/Cache/Home/8add46d1b8bbf734fafd02ec3280ff7c.php 第 52 行.
NOTIC: [8] Undefined variable: item /Users/huangjiancong/Sites/oldblog/blog/Runtime/Cache/Home/8add46d1b8bbf734fafd02ec3280ff7c.php 第 57 行.
NOTIC: [8] Undefined variable: item /Users/huangjiancong/Sites/oldblog/blog/Runtime/Cache/Home/8add46d1b8bbf734fafd02ec3280ff7c.php 第 62 行.
NOTIC: [8] Undefined variable: item /Users/huangjiancong/Sites/oldblog/blog/Runtime/Cache/Home/8add46d1b8bbf734fafd02ec3280ff7c.php 第 73 行.
NOTIC: [8] Undefined variable: item /Users/huangjiancong/Sites/oldblog/blog/Runtime/Cache/Home/8add46d1b8bbf734fafd02ec3280ff7c.php 第 80 行.
NOTIC: [8] Undefined variable: item /Users/huangjiancong/Sites/oldblog/blog/Runtime/Cache/Home/8add46d1b8bbf734fafd02ec3280ff7c.php 第 94 行.
INFO: Run Behavior\ParseTemplateBehavior [ RunTime:0.009406s ]
INFO: [ view_parse ] --END-- [ RunTime:0.009456s ]
INFO: [ view_filter ] --START--
INFO: Run Behavior\WriteHtmlCacheBehavior [ RunTime:0.000112s ]
INFO: [ view_filter ] --END-- [ RunTime:0.000155s ]
INFO: [ app_end ] --START--
INFO: Run Behavior\ShowPageTraceBehavior [ RunTime:0.000251s ]
INFO: [ app_end ] --END-- [ RunTime:0.000296s ]

[ 2016-12-29T20:18:25+08:00 ] ::1 /oldblog/index.php/Home/Index/show_in
INFO: [ app_init ] --START--
INFO: Run Behavior\BuildLiteBehavior [ RunTime:0.000014s ]
INFO: [ app_init ] --END-- [ RunTime:0.000220s ]
INFO: [ app_begin ] --START--
INFO: Run Behavior\ReadHtmlCacheBehavior [ RunTime:0.000307s ]
INFO: [ app_begin ] --END-- [ RunTime:0.000370s ]
SQL: SHOW COLUMNS FROM `blog_type` [ RunTime:0.0008s ]
SQL: SELECT * FROM `blog_type` ORDER BY id  [ RunTime:0.0004s ]
INFO: [ view_parse ] --START--
INFO: [ template_filter ] --START--
INFO: Run Behavior\ContentReplaceBehavior [ RunTime:0.000061s ]
INFO: [ template_filter ] --END-- [ RunTime:0.000122s ]
INFO: Run Behavior\ParseTemplateBehavior [ RunTime:0.008848s ]
INFO: [ view_parse ] --END-- [ RunTime:0.008928s ]
INFO: [ view_filter ] --START--
INFO: Run Behavior\WriteHtmlCacheBehavior [ RunTime:0.000316s ]
INFO: [ view_filter ] --END-- [ RunTime:0.000412s ]
INFO: [ app_end ] --START--
INFO: Run Behavior\ShowPageTraceBehavior [ RunTime:0.000364s ]
INFO: [ app_end ] --END-- [ RunTime:0.000427s ]

